# JRE version: OpenJDK Runtime Environment (9.0+11) (build 9.0.4+11)
# Java VM: OpenJDK 64-Bit Server VM (9.0.4+11, mixed mode, tiered, compressed oops, g1 gc, linux-amd64)
Heap:
 garbage-first heap   total 420864K, used 177664K [0x0000000085400000, 0x0000000085500cd8, 0x0000000100000000)
  region size 1024K, 68 young (69632K), 5 survivors (5120K)
 Metaspace       used 39049K, capacity 42296K, committed 42624K, reserved 1087488K
  class space    used 4023K, capacity 4590K, committed 4736K, reserved 1048576K
GC Heap History (10 events):
Event: 4817.673 GC heap before
{Heap before GC invocations=47 (full 0):
 garbage-first heap   total 420864K, used 314995K [0x0000000085400000, 0x0000000085500cd8, 0x0000000100000000)
  region size 1024K, 246 young (251904K), 14 survivors (14336K)
 Metaspace       used 38233K, capacity 41404K, committed 41856K, reserved 1087488K
  class space    used 4001K, capacity 4572K, committed 4736K, reserved 1048576K
}
Event: 4817.706 GC heap after
{Heap after GC invocations=48 (full 0):
 garbage-first heap   total 420864K, used 75379K [0x0000000085400000, 0x0000000085500cd8, 0x0000000100000000)
  region size 1024K, 13 young (13312K), 13 survivors (13312K)
 Metaspace       used 38233K, capacity 41404K, committed 41856K, reserved 1087488K
  class space    used 4001K, capacity 4572K, committed 4736K, reserved 1048576K
}
Event: 4855.156 GC heap before
{Heap before GC invocations=48 (full 0):
 garbage-first heap   total 420864K, used 317043K [0x0000000085400000, 0x0000000085500cd8, 0x0000000100000000)
  region size 1024K, 246 young (251904K), 13 survivors (13312K)
 Metaspace       used 38346K, capacity 41602K, committed 42112K, reserved 1087488K
  class space    used 4011K, capacity 4583K, committed 4736K, reserved 1048576K
}
Event: 4855.204 GC heap after
{Heap after GC invocations=49 (full 0):
 garbage-first heap   total 420864K, used 86643K [0x0000000085400000, 0x0000000085500cd8, 0x0000000100000000)
  region size 1024K, 24 young (24576K), 24 survivors (24576K)
 Metaspace       used 38346K, capacity 41602K, committed 42112K, reserved 1087488K
  class space    used 4011K, capacity 4583K, committed 4736K, reserved 1048576K
}
Event: 5101.139 GC heap before
{Heap before GC invocations=49 (full 0):
 garbage-first heap   total 420864K, used 313971K [0x0000000085400000, 0x0000000085500cd8, 0x0000000100000000)
  region size 1024K, 246 young (251904K), 24 survivors (24576K)
 Metaspace       used 38604K, capacity 41872K, committed 42368K, reserved 1087488K
  class space    used 4012K, capacity 4584K, committed 4736K, reserved 1048576K
}
Event: 5101.247 GC heap after
{Heap after GC invocations=50 (full 0):
 garbage-first heap   total 420864K, used 105227K [0x0000000085400000, 0x0000000085500cd8, 0x0000000100000000)
  region size 1024K, 31 young (31744K), 31 survivors (31744K)
 Metaspace       used 38604K, capacity 41872K, committed 42368K, reserved 1087488K
  class space    used 4012K, capacity 4584K, committed 4736K, reserved 1048576K
}
Event: 5241.615 GC heap before
{Heap before GC invocations=50 (full 0):
 garbage-first heap   total 420864K, used 325387K [0x0000000085400000, 0x0000000085500cd8, 0x0000000100000000)
  region size 1024K, 246 young (251904K), 31 survivors (31744K)
 Metaspace       used 38883K, capacity 42100K, committed 42624K, reserved 1087488K
  class space    used 4020K, capacity 4590K, committed 4736K, reserved 1048576K
}
Event: 5241.717 GC heap after
{Heap after GC invocations=51 (full 0):
 garbage-first heap   total 420864K, used 119242K [0x0000000085400000, 0x0000000085500cd8, 0x0000000100000000)
  region size 1024K, 20 young (20480K), 20 survivors (20480K)
 Metaspace       used 38883K, capacity 42100K, committed 42624K, reserved 1087488K
  class space    used 4020K, capacity 4590K, committed 4736K, reserved 1048576K
}
Event: 5290.420 GC heap before
{Heap before GC invocations=51 (full 0):
 garbage-first heap   total 420864K, used 336330K [0x0000000085400000, 0x0000000085500cd8, 0x0000000100000000)
  region size 1024K, 231 young (236544K), 20 survivors (20480K)
 Metaspace       used 38981K, capacity 42232K, committed 42624K, reserved 1087488K
  class space    used 4021K, capacity 4590K, committed 4736K, reserved 1048576K
}
Event: 5290.453 GC heap after
{Heap after GC invocations=52 (full 0):
 garbage-first heap   total 420864K, used 114176K [0x0000000085400000, 0x0000000085500cd8, 0x0000000100000000)
  region size 1024K, 5 young (5120K), 5 survivors (5120K)
 Metaspace       used 38981K, capacity 42232K, committed 42624K, reserved 1087488K
  class space    used 4021K, capacity 4590K, committed 4736K, reserved 1048576K
}

